<?xml version="1.0" encoding="UTF-8"?>
<!-- Generated by org.testng.reporters.JUnitReportReporter -->
<testsuite hostname="DESKTOP-8JTJ3RQ" failures="0" tests="1" name="loginTestCases.Bothcorrect" time="37.249" errors="0" timestamp="2022-02-21T14:58:48 IST" skipped="0">
  <testcase classname="loginTestCases.Bothcorrect" name="loginwithbothcorrect" time="37.249"/>
  <system-out/>
</testsuite> <!-- loginTestCases.Bothcorrect -->
