<?xml version="1.0" encoding="UTF-8"?>
<!-- Generated by org.testng.reporters.JUnitReportReporter -->
<testsuite hostname="DESKTOP-8JTJ3RQ" failures="0" tests="4" name="Ddf.LogIn" time="55.892" errors="0" timestamp="2022-02-21T17:56:30 IST" skipped="0">
  <testcase classname="Ddf.LogIn" name="logindf" time="16.858"/>
  <system-out/>
  <testcase classname="Ddf.LogIn" name="logindf" time="12.192"/>
  <system-out/>
  <testcase classname="Ddf.LogIn" name="logindf" time="14.838"/>
  <system-out/>
  <testcase classname="Ddf.LogIn" name="logindf" time="12.004"/>
  <system-out/>
</testsuite> <!-- Ddf.LogIn -->
